[0329/160303.914:ERROR:exception_handler_server.cc(524)] ConnectNamedPipe: The pipe is being closed. (0xE8)
[0330/120512.742:ERROR:exception_handler_server.cc(524)] ConnectNamedPipe: The pipe is being closed. (0xE8)
[0405/182944.319:ERROR:exception_handler_server.cc(524)] ConnectNamedPipe: The pipe is being closed. (0xE8)
[0406/130057.379:ERROR:exception_handler_server.cc(524)] ConnectNamedPipe: The pipe is being closed. (0xE8)
[0412/095717.344:ERROR:process_reader_win.cc(114)] NtOpenThread: {Access Denied} A process has requested access to an object, but has not been granted those access rights.  (0xc0000022)
[0412/095717.371:ERROR:process_info.cc(625)] range at 0x350c24a600000000, size 0x1d0 fully unreadable
[0412/095717.371:ERROR:process_info.cc(625)] range at 0x350c24c600000000, size 0x1d0 fully unreadable
[0412/095717.371:ERROR:process_info.cc(625)] range at 0x0, size 0x1d0 fully unreadable
[0412/095717.615:ERROR:http_transport_win.cc(50)] WinHttpSendRequest: The server name or address could not be resolved  (0x2EE7)
[0412/143741.799:ERROR:file_io_win.cc(163)] CreateFile C:\Program Files (x86)\Cansuck\settings.dat: Access is denied. (0x5)
[0412/143741.814:ERROR:registration_protocol_win.cc(84)] TransactNamedPipe: The pipe has been ended. (0x6D)
[0412/143741.814:ERROR:file_io_win.cc(163)] CreateFile C:\Program Files (x86)\Cansuck\settings.dat: Access is denied. (0x5)
[0412/143843.213:ERROR:file_io_win.cc(163)] CreateFile C:\Program Files (x86)\Cansuck\settings.dat: Access is denied. (0x5)
[0412/143843.217:ERROR:registration_protocol_win.cc(84)] TransactNamedPipe: The pipe has been ended. (0x6D)
[0412/143843.225:ERROR:file_io_win.cc(163)] CreateFile C:\Program Files (x86)\Cansuck\settings.dat: Access is denied. (0x5)
[0412/144034.554:ERROR:file_io_win.cc(163)] CreateFile C:\Program Files (x86)\Cansuck\settings.dat: Access is denied. (0x5)
[0412/144034.554:ERROR:registration_protocol_win.cc(84)] TransactNamedPipe: The pipe has been ended. (0x6D)
[0412/144034.569:ERROR:file_io_win.cc(163)] CreateFile C:\Program Files (x86)\Cansuck\settings.dat: Access is denied. (0x5)
[0412/144209.300:ERROR:file_io_win.cc(163)] CreateFile C:\Program Files (x86)\Cansuck\settings.dat: Access is denied. (0x5)
[0412/144209.318:ERROR:registration_protocol_win.cc(84)] TransactNamedPipe: The pipe has been ended. (0x6D)
[0412/144209.325:ERROR:file_io_win.cc(163)] CreateFile C:\Program Files (x86)\Cansuck\settings.dat: Access is denied. (0x5)
[0412/144225.104:ERROR:file_io_win.cc(163)] CreateFile C:\Program Files (x86)\Cansuck\settings.dat: Access is denied. (0x5)
[0412/144225.108:ERROR:registration_protocol_win.cc(84)] TransactNamedPipe: The pipe has been ended. (0x6D)
[0412/144225.116:ERROR:file_io_win.cc(163)] CreateFile C:\Program Files (x86)\Cansuck\settings.dat: Access is denied. (0x5)
[0412/144304.658:ERROR:file_io_win.cc(163)] CreateFile C:\Program Files (x86)\Cansuck\settings.dat: Access is denied. (0x5)
[0412/144304.674:ERROR:registration_protocol_win.cc(84)] TransactNamedPipe: The pipe has been ended. (0x6D)
[0412/144304.678:ERROR:file_io_win.cc(163)] CreateFile C:\Program Files (x86)\Cansuck\settings.dat: Access is denied. (0x5)
